# JRE version: Java(TM) SE Runtime Environment (8.0_05-b13) (build 1.8.0_05-b13)
# Java VM: Java HotSpot(TM) 64-Bit Server VM (25.5-b02 mixed mode windows-amd64 compressed oops)
Heap:
 def new generation   total 181696K, used 28295K [0x00000000a2400000, 0x00000000ae920000, 0x00000000c1800000)
  eden space 161536K,  11% used [0x00000000a2400000, 0x00000000a36c1220, 0x00000000ac1c0000)
  from space 20160K,  45% used [0x00000000ac1c0000, 0x00000000acaa0d68, 0x00000000ad570000)
  to   space 20160K,   0% used [0x00000000ad570000, 0x00000000ad570000, 0x00000000ae920000)
 tenured generation   total 403552K, used 335210K [0x00000000c1800000, 0x00000000da218000, 0x0000000100000000)
   the space 403552K,  83% used [0x00000000c1800000, 0x00000000d5f5ab98, 0x00000000d5f5ac00, 0x00000000da218000)
 Metaspace       used 55207K, capacity 56728K, committed 57056K, reserved 1097728K
  class space    used 7548K, capacity 7844K, committed 7936K, reserved 1048576K
GC Heap History (10 events):
Event: 304.364 GC heap before
{Heap before GC invocations=575 (full 5):
 def new generation   total 181696K, used 167928K [0x00000000a2400000, 0x00000000ae920000, 0x00000000c1800000)
  eden space 161536K, 100% used [0x00000000a2400000, 0x00000000ac1c0000, 0x00000000ac1c0000)
  from space 20160K,  31% used [0x00000000ad570000, 0x00000000adbae240, 0x00000000ae920000)
  to   space 20160K,   0% used [0x00000000ac1c0000, 0x00000000ac1c0000, 0x00000000ad570000)
 tenured generation   total 403552K, used 307798K [0x00000000c1800000, 0x00000000da218000, 0x0000000100000000)
   the space 403552K,  76% used [0x00000000c1800000, 0x00000000d4495b50, 0x00000000d4495c00, 0x00000000da218000)
 Metaspace       used 55175K, capacity 56632K, committed 56800K, reserved 1097728K
  class space    used 7545K, capacity 7812K, committed 7936K, reserved 1048576K
Event: 304.400 GC heap after
Heap after GC invocations=576 (full 5):
 def new generation   total 181696K, used 12728K [0x00000000a2400000, 0x00000000ae920000, 0x00000000c1800000)
  eden space 161536K,   0% used [0x00000000a2400000, 0x00000000a2400000, 0x00000000ac1c0000)
  from space 20160K,  63% used [0x00000000ac1c0000, 0x00000000ace2e1c8, 0x00000000ad570000)
  to   space 20160K,   0% used [0x00000000ad570000, 0x00000000ad570000, 0x00000000ae920000)
 tenured generation   total 403552K, used 307798K [0x00000000c1800000, 0x00000000da218000, 0x0000000100000000)
   the space 403552K,  76% used [0x00000000c1800000, 0x00000000d4495b50, 0x00000000d4495c00, 0x00000000da218000)
 Metaspace       used 55175K, capacity 56632K, committed 56800K, reserved 1097728K
  class space    used 7545K, capacity 7812K, committed 7936K, reserved 1048576K
}
Event: 304.475 GC heap before
{Heap before GC invocations=576 (full 5):
 def new generation   total 181696K, used 174264K [0x00000000a2400000, 0x00000000ae920000, 0x00000000c1800000)
  eden space 161536K, 100% used [0x00000000a2400000, 0x00000000ac1c0000, 0x00000000ac1c0000)
  from space 20160K,  63% used [0x00000000ac1c0000, 0x00000000ace2e1c8, 0x00000000ad570000)
  to   space 20160K,   0% used [0x00000000ad570000, 0x00000000ad570000, 0x00000000ae920000)
 tenured generation   total 403552K, used 307798K [0x00000000c1800000, 0x00000000da218000, 0x0000000100000000)
   the space 403552K,  76% used [0x00000000c1800000, 0x00000000d4495b50, 0x00000000d4495c00, 0x00000000da218000)
 Metaspace       used 55175K, capacity 56632K, committed 56800K, reserved 1097728K
  class space    used 7545K, capacity 7812K, committed 7936K, reserved 1048576K
Event: 304.557 GC heap after
Heap after GC invocations=577 (full 5):
 def new generation   total 181696K, used 15542K [0x00000000a2400000, 0x00000000ae920000, 0x00000000c1800000)
  eden space 161536K,   0% used [0x00000000a2400000, 0x00000000a2400000, 0x00000000ac1c0000)
  from space 20160K,  77% used [0x00000000ad570000, 0x00000000ae49d8f0, 0x00000000ae920000)
  to   space 20160K,   0% used [0x00000000ac1c0000, 0x00000000ac1c0000, 0x00000000ad570000)
 tenured generation   total 403552K, used 320394K [0x00000000c1800000, 0x00000000da218000, 0x0000000100000000)
   the space 403552K,  79% used [0x00000000c1800000, 0x00000000d50e2890, 0x00000000d50e2a00, 0x00000000da218000)
 Metaspace       used 55175K, capacity 56632K, committed 56800K, reserved 1097728K
  class space    used 7545K, capacity 7812K, committed 7936K, reserved 1048576K
}
Event: 304.585 GC heap before
{Heap before GC invocations=577 (full 5):
 def new generation   total 181696K, used 177078K [0x00000000a2400000, 0x00000000ae920000, 0x00000000c1800000)
  eden space 161536K, 100% used [0x00000000a2400000, 0x00000000ac1c0000, 0x00000000ac1c0000)
  from space 20160K,  77% used [0x00000000ad570000, 0x00000000ae49d8f0, 0x00000000ae920000)
  to   space 20160K,   0% used [0x00000000ac1c0000, 0x00000000ac1c0000, 0x00000000ad570000)
 tenured generation   total 403552K, used 320394K [0x00000000c1800000, 0x00000000da218000, 0x0000000100000000)
   the space 403552K,  79% used [0x00000000c1800000, 0x00000000d50e2890, 0x00000000d50e2a00, 0x00000000da218000)
 Metaspace       used 55175K, capacity 56632K, committed 56800K, reserved 1097728K
  class space    used 7545K, capacity 7812K, committed 7936K, reserved 1048576K
Event: 304.617 GC heap after
Heap after GC invocations=578 (full 5):
 def new generation   total 181696K, used 1443K [0x00000000a2400000, 0x00000000ae920000, 0x00000000c1800000)
  eden space 161536K,   0% used [0x00000000a2400000, 0x00000000a2400000, 0x00000000ac1c0000)
  from space 20160K,   7% used [0x00000000ac1c0000, 0x00000000ac328c40, 0x00000000ad570000)
  to   space 20160K,   0% used [0x00000000ad570000, 0x00000000ad570000, 0x00000000ae920000)
 tenured generation   total 403552K, used 335210K [0x00000000c1800000, 0x00000000da218000, 0x0000000100000000)
   the space 403552K,  83% used [0x00000000c1800000, 0x00000000d5f5ab98, 0x00000000d5f5ac00, 0x00000000da218000)
 Metaspace       used 55175K, capacity 56632K, committed 56800K, reserved 1097728K
  class space    used 7545K, capacity 7812K, committed 7936K, reserved 1048576K
}
Event: 304.647 GC heap before
{Heap before GC invocations=578 (full 5):
 def new generation   total 181696K, used 162979K [0x00000000a2400000, 0x00000000ae920000, 0x00000000c1800000)
  eden space 161536K, 100% used [0x00000000a2400000, 0x00000000ac1c0000, 0x00000000ac1c0000)
  from space 20160K,   7% used [0x00000000ac1c0000, 0x00000000ac328c40, 0x00000000ad570000)
  to   space 20160K,   0% used [0x00000000ad570000, 0x00000000ad570000, 0x00000000ae920000)
 tenured generation   total 403552K, used 335210K [0x00000000c1800000, 0x00000000da218000, 0x0000000100000000)
   the space 403552K,  83% used [0x00000000c1800000, 0x00000000d5f5ab98, 0x00000000d5f5ac00, 0x00000000da218000)
 Metaspace       used 55175K, capacity 56632K, committed 56800K, reserved 1097728K
  class space    used 7545K, capacity 7812K, committed 7936K, reserved 1048576K
Event: 304.650 GC heap after
Heap after GC invocations=579 (full 5):
 def new generation   total 181696K, used 3283K [0x00000000a2400000, 0x00000000ae920000, 0x00000000c1800000)
  eden space 161536K,   0% used [0x00000000a2400000, 0x00000000a2400000, 0x00000000ac1c0000)
  from space 20160K,  16% used [0x00000000ad570000, 0x00000000ad8a4ed0, 0x00000000ae920000)
  to   space 20160K,   0% used [0x00000000ac1c0000, 0x00000000ac1c0000, 0x00000000ad570000)
 tenured generation   total 403552K, used 335210K [0x00000000c1800000, 0x00000000da218000, 0x0000000100000000)
   the space 403552K,  83% used [0x00000000c1800000, 0x00000000d5f5ab98, 0x00000000d5f5ac00, 0x00000000da218000)
 Metaspace       used 55175K, capacity 56632K, committed 56800K, reserved 1097728K
  class space    used 7545K, capacity 7812K, committed 7936K, reserved 1048576K
}
Event: 304.754 GC heap before
{Heap before GC invocations=579 (full 5):
 def new generation   total 181696K, used 164819K [0x00000000a2400000, 0x00000000ae920000, 0x00000000c1800000)
  eden space 161536K, 100% used [0x00000000a2400000, 0x00000000ac1c0000, 0x00000000ac1c0000)
  from space 20160K,  16% used [0x00000000ad570000, 0x00000000ad8a4ed0, 0x00000000ae920000)
  to   space 20160K,   0% used [0x00000000ac1c0000, 0x00000000ac1c0000, 0x00000000ad570000)
 tenured generation   total 403552K, used 335210K [0x00000000c1800000, 0x00000000da218000, 0x0000000100000000)
   the space 403552K,  83% used [0x00000000c1800000, 0x00000000d5f5ab98, 0x00000000d5f5ac00, 0x00000000da218000)
 Metaspace       used 55176K, capacity 56632K, committed 56800K, reserved 1097728K
  class space    used 7545K, capacity 7812K, committed 7936K, reserved 1048576K
Event: 304.759 GC heap after
Heap after GC invocations=580 (full 5):
 def new generation   total 181696K, used 9091K [0x00000000a2400000, 0x00000000ae920000, 0x00000000c1800000)
  eden space 161536K,   0% used [0x00000000a2400000, 0x00000000a2400000, 0x00000000ac1c0000)
  from space 20160K,  45% used [0x00000000ac1c0000, 0x00000000acaa0d68, 0x00000000ad570000)
  to   space 20160K,   0% used [0x00000000ad570000, 0x00000000ad570000, 0x00000000ae920000)
 tenured generation   total 403552K, used 335210K [0x00000000c1800000, 0x00000000da218000, 0x0000000100000000)
   the space 403552K,  83% used [0x00000000c1800000, 0x00000000d5f5ab98, 0x00000000d5f5ac00, 0x00000000da218000)
 Metaspace       used 55176K, capacity 56632K, committed 56800K, reserved 1097728K
  class space    used 7545K, capacity 7812K, committed 7936K, reserved 1048576K
}

